# JRE version: OpenJDK Runtime Environment Corretto-11.0.14.10.1 (11.0.14.1+10) (build 11.0.14.1+10-LTS)
# Java VM: OpenJDK 64-Bit Server VM Corretto-11.0.14.10.1 (11.0.14.1+10-LTS, mixed mode, tiered, compressed oops, g1 gc, bsd-amd64)
Heap:
 garbage-first heap   total 131072K, used 43395K [0x0000000780000000, 0x0000000800000000)
  region size 1024K, 39 young (39936K), 2 survivors (2048K)
 Metaspace       used 24449K, capacity 25274K, committed 25472K, reserved 1071104K
  class space    used 2870K, capacity 3164K, committed 3200K, reserved 1048576K
GC Heap History (6 events):
Event: 2.220 GC heap before
{Heap before GC invocations=0 (full 0):
 garbage-first heap   total 131072K, used 24576K [0x0000000780000000, 0x0000000800000000)
  region size 1024K, 24 young (24576K), 0 survivors (0K)
 Metaspace       used 15787K, capacity 16245K, committed 16512K, reserved 1064960K
  class space    used 1672K, capacity 1846K, committed 1920K, reserved 1048576K
}
Event: 2.268 GC heap after
{Heap after GC invocations=1 (full 0):
 garbage-first heap   total 131072K, used 5157K [0x0000000780000000, 0x0000000800000000)
  region size 1024K, 3 young (3072K), 3 survivors (3072K)
 Metaspace       used 15787K, capacity 16245K, committed 16512K, reserved 1064960K
  class space    used 1672K, capacity 1846K, committed 1920K, reserved 1048576K
}
Event: 3.014 GC heap before
{Heap before GC invocations=1 (full 0):
 garbage-first heap   total 131072K, used 27685K [0x0000000780000000, 0x0000000800000000)
  region size 1024K, 25 young (25600K), 3 survivors (3072K)
 Metaspace       used 20077K, capacity 20735K, committed 20992K, reserved 1067008K
  class space    used 2277K, capacity 2547K, committed 2560K, reserved 1048576K
}
Event: 3.037 GC heap after
{Heap after GC invocations=2 (full 0):
 garbage-first heap   total 131072K, used 6638K [0x0000000780000000, 0x0000000800000000)
  region size 1024K, 2 young (2048K), 2 survivors (2048K)
 Metaspace       used 20077K, capacity 20735K, committed 20992K, reserved 1067008K
  class space    used 2277K, capacity 2547K, committed 2560K, reserved 1048576K
}
Event: 3.075 GC heap before
{Heap before GC invocations=2 (full 0):
 garbage-first heap   total 131072K, used 7662K [0x0000000780000000, 0x0000000800000000)
  region size 1024K, 4 young (4096K), 2 survivors (2048K)
 Metaspace       used 20355K, capacity 21055K, committed 21248K, reserved 1069056K
  class space    used 2311K, capacity 2547K, committed 2560K, reserved 1048576K
}
Event: 3.079 GC heap after
{Heap after GC invocations=3 (full 0):
 garbage-first heap   total 131072K, used 6531K [0x0000000780000000, 0x0000000800000000)
  region size 1024K, 2 young (2048K), 2 survivors (2048K)
 Metaspace       used 20355K, capacity 21055K, committed 21248K, reserved 1069056K
  class space    used 2311K, capacity 2547K, committed 2560K, reserved 1048576K
}

